[2026-03-07 04:38:16] === Batch PR Generator Started ===
[2026-03-07 04:38:16] Found 52 priority bounties to process
[2026-03-07 04:38:16] 
============================================================
[2026-03-07 04:38:16] Processing 1/3: #9909
[2026-03-07 04:38:16] Title: Create test suite that tests the correct behaviour of `ZIOAp
[2026-03-07 04:38:16] Value: $50
[2026-03-07 04:38:16] ============================================================
[2026-03-07 04:38:17] Default branch: series/2.x
[2026-03-07 04:38:17] Fork already exists: flowerjunjie/zio
[2026-03-07 04:38:17] Cloning flowerjunjie/zio to /tmp/bounty_work/zio...
[2026-03-07 04:39:02] Creating branch: bounty-9909-1772858342
[2026-03-07 04:39:03] Committed successfully
[2026-03-07 04:39:03] Pushing to bounty-9909-1772858342...
[2026-03-07 04:39:04] Pushed successfully!
[2026-03-07 04:39:04] PR creation failed: 422 {"message":"Validation Failed","errors":[{"resource":"Issue","code":"custom","field":"user","message":"user is blocked"}],"documentation_url":"https://docs.github.com/rest/pulls/pulls#create-a-pull-request","status":"422"}
[2026-03-07 04:39:05] 
============================================================
[2026-03-07 04:39:05] Processing 2/3: #9084
[2026-03-07 04:39:05] Title: Add ZStream.fromInputStreamInterruptible
[2026-03-07 04:39:05] Value: $50
[2026-03-07 04:39:05] ============================================================
[2026-03-07 04:39:05] Default branch: series/2.x
[2026-03-07 04:39:05] Fork already exists: flowerjunjie/zio
[2026-03-07 04:39:05] Cloning flowerjunjie/zio to /tmp/bounty_work/zio...
[2026-03-07 04:39:59] Clone failed: Cloning into '/tmp/bounty_work/zio'...
fatal: unable to open /tmp/bounty_work/zio/.git/objects/pack/tmp_pack_wDmMlJ: No such file or directory
fatal: index-pack failed

[2026-03-07 04:39:59] Skipping due to clone failure
[2026-03-07 04:39:59] 
============================================================
[2026-03-07 04:39:59] Processing 3/3: #9101
[2026-03-07 04:39:59] Title: zio.test.Gen generates the same data every time in certain c
[2026-03-07 04:39:59] Value: $50
[2026-03-07 04:39:59] ============================================================
[2026-03-07 04:39:59] Default branch: series/2.x
[2026-03-07 04:40:00] Fork already exists: flowerjunjie/zio
[2026-03-07 04:40:00] Cloning flowerjunjie/zio to /tmp/bounty_work/zio...
[2026-03-07 04:41:03] Clone failed: Cloning into '/tmp/bounty_work/zio'...
fatal: unable to open /tmp/bounty_work/zio/.git/objects/pack/tmp_pack_IzrVH4: No such file or directory
fatal: index-pack failed

[2026-03-07 04:41:03] Skipping due to clone failure
[2026-03-07 04:41:03] 
============================================================
[2026-03-07 04:41:03] === Batch PR Generator Finished ===
[2026-03-07 04:41:03] Successfully created 0 PRs
[2026-03-07 04:41:03] Total potential value: $0
[2026-03-07 04:41:03] ============================================================
