=== Tue Mar 17 00:10:22 UTC 2026 ===
检查可用红包...
没有可领取的红包
=== Tue Mar 17 00:15:01 UTC 2026 ===
检查可用红包...
没有可领取的红包
=== Tue Mar 17 00:20:01 UTC 2026 ===
检查可用红包...
没有可领取的红包
=== Tue Mar 17 00:25:01 UTC 2026 ===
检查可用红包...
没有可领取的红包
=== Tue Mar 17 00:30:01 UTC 2026 ===
检查可用红包...
没有可领取的红包
=== Tue Mar 17 00:35:01 UTC 2026 ===
检查可用红包...
没有可领取的红包
=== Tue Mar 17 00:40:01 UTC 2026 ===
检查可用红包...
没有可领取的红包
=== Tue Mar 17 00:45:01 UTC 2026 ===
检查可用红包...
没有可领取的红包
=== Tue Mar 17 00:50:01 UTC 2026 ===
检查可用红包...
没有可领取的红包
=== Tue Mar 17 00:55:01 UTC 2026 ===
检查可用红包...
没有可领取的红包
=== Tue Mar 17 01:00:01 UTC 2026 ===
检查可用红包...
没有可领取的红包
=== Tue Mar 17 01:05:01 UTC 2026 ===
检查可用红包...
没有可领取的红包
=== Tue Mar 17 01:10:01 UTC 2026 ===
检查可用红包...
没有可领取的红包
=== Tue Mar 17 01:15:01 UTC 2026 ===
检查可用红包...
没有可领取的红包
=== Tue Mar 17 01:20:01 UTC 2026 ===
检查可用红包...
没有可领取的红包
=== Tue Mar 17 01:25:01 UTC 2026 ===
检查可用红包...
没有可领取的红包
=== Tue Mar 17 01:30:01 UTC 2026 ===
检查可用红包...
没有可领取的红包
=== Tue Mar 17 01:35:01 UTC 2026 ===
检查可用红包...
没有可领取的红包
=== Tue Mar 17 01:40:01 UTC 2026 ===
检查可用红包...
没有可领取的红包
=== Tue Mar 17 01:45:01 UTC 2026 ===
检查可用红包...
没有可领取的红包
=== Tue Mar 17 01:50:01 UTC 2026 ===
检查可用红包...
没有可领取的红包
=== Tue Mar 17 01:55:01 UTC 2026 ===
检查可用红包...
没有可领取的红包
=== Tue Mar 17 02:00:01 UTC 2026 ===
检查可用红包...
没有可领取的红包
=== Tue Mar 17 02:05:01 UTC 2026 ===
检查可用红包...
没有可领取的红包
=== Tue Mar 17 02:10:01 UTC 2026 ===
检查可用红包...
没有可领取的红包
=== Tue Mar 17 02:15:01 UTC 2026 ===
检查可用红包...
没有可领取的红包
=== Tue Mar 17 02:20:01 UTC 2026 ===
检查可用红包...
没有可领取的红包
=== Tue Mar 17 02:25:01 UTC 2026 ===
检查可用红包...
没有可领取的红包
=== Tue Mar 17 02:30:01 UTC 2026 ===
检查可用红包...
没有可领取的红包
=== Tue Mar 17 02:35:01 UTC 2026 ===
检查可用红包...
没有可领取的红包
=== Tue Mar 17 02:40:01 UTC 2026 ===
检查可用红包...
没有可领取的红包
=== Tue Mar 17 02:45:01 UTC 2026 ===
检查可用红包...
没有可领取的红包
=== Tue Mar 17 02:50:01 UTC 2026 ===
检查可用红包...
没有可领取的红包
=== Tue Mar 17 02:55:01 UTC 2026 ===
检查可用红包...
没有可领取的红包
=== Tue Mar 17 03:00:01 UTC 2026 ===
检查可用红包...
发现 1 个可领取红包
尝试领取红包 #41 (来自 FluxA首席大龙虾🦞)...
创建收款链接失败
扫描完成

=== Tue Mar 17 03:05:01 UTC 2026 ===
检查可用红包...
发现 1 个可领取红包
尝试领取红包 #41 (来自 FluxA首席大龙虾🦞)...
创建收款链接失败
扫描完成

=== Tue Mar 17 03:10:01 UTC 2026 ===
检查可用红包...
发现 1 个可领取红包
尝试领取红包 #41 (来自 FluxA首席大龙虾🦞)...
创建收款链接失败
扫描完成

=== Tue Mar 17 03:15:01 UTC 2026 ===
检查可用红包...
发现 1 个可领取红包
尝试领取红包 #41 (来自 FluxA首席大龙虾🦞)...
创建收款链接失败
扫描完成

=== Tue Mar 17 03:20:01 UTC 2026 ===
检查可用红包...
发现 1 个可领取红包
尝试领取红包 #41 (来自 FluxA首席大龙虾🦞)...
创建收款链接失败
扫描完成

=== Tue Mar 17 03:25:01 UTC 2026 ===
检查可用红包...
发现 1 个可领取红包
尝试领取红包 #41 (来自 FluxA首席大龙虾🦞)...
创建收款链接失败
扫描完成

=== Tue Mar 17 03:30:01 UTC 2026 ===
检查可用红包...
发现 1 个可领取红包
尝试领取红包 #41 (来自 FluxA首席大龙虾🦞)...
创建收款链接失败
扫描完成

=== Tue Mar 17 03:35:01 UTC 2026 ===
检查可用红包...
发现 1 个可领取红包
尝试领取红包 #41 (来自 FluxA首席大龙虾🦞)...
创建收款链接失败
扫描完成

=== Tue Mar 17 03:40:01 UTC 2026 ===
检查可用红包...
发现 1 个可领取红包
尝试领取红包 #41 (来自 FluxA首席大龙虾🦞)...
创建收款链接失败
扫描完成

=== Tue Mar 17 03:45:01 UTC 2026 ===
检查可用红包...
发现 1 个可领取红包
尝试领取红包 #41 (来自 FluxA首席大龙虾🦞)...
创建收款链接失败
扫描完成

=== Tue Mar 17 03:50:01 UTC 2026 ===
检查可用红包...
发现 1 个可领取红包
尝试领取红包 #41 (来自 FluxA首席大龙虾🦞)...
创建收款链接失败
扫描完成

=== Tue Mar 17 03:55:01 UTC 2026 ===
检查可用红包...
发现 1 个可领取红包
尝试领取红包 #41 (来自 FluxA首席大龙虾🦞)...
创建收款链接失败
扫描完成

=== Tue Mar 17 04:00:01 UTC 2026 ===
检查可用红包...
发现 1 个可领取红包
尝试领取红包 #41 (来自 FluxA首席大龙虾🦞)...
创建收款链接失败
扫描完成

=== Tue Mar 17 04:05:01 UTC 2026 ===
检查可用红包...
发现 1 个可领取红包
尝试领取红包 #41 (来自 FluxA首席大龙虾🦞)...
创建收款链接失败
扫描完成

=== Tue Mar 17 04:10:01 UTC 2026 ===
检查可用红包...
发现 1 个可领取红包
尝试领取红包 #41 (来自 FluxA首席大龙虾🦞)...
创建收款链接失败
扫描完成

=== Tue Mar 17 04:15:01 UTC 2026 ===
检查可用红包...
发现 1 个可领取红包
尝试领取红包 #41 (来自 FluxA首席大龙虾🦞)...
创建收款链接失败
扫描完成

=== Tue Mar 17 04:20:01 UTC 2026 ===
检查可用红包...
发现 1 个可领取红包
尝试领取红包 #41 (来自 FluxA首席大龙虾🦞)...
创建收款链接失败
扫描完成

=== Tue Mar 17 04:25:01 UTC 2026 ===
检查可用红包...
发现 1 个可领取红包
尝试领取红包 #41 (来自 FluxA首席大龙虾🦞)...
创建收款链接失败
扫描完成

=== Tue Mar 17 04:30:01 UTC 2026 ===
检查可用红包...
发现 1 个可领取红包
尝试领取红包 #41 (来自 FluxA首席大龙虾🦞)...
创建收款链接失败
扫描完成

=== Tue Mar 17 04:35:01 UTC 2026 ===
检查可用红包...
发现 1 个可领取红包
尝试领取红包 #41 (来自 FluxA首席大龙虾🦞)...
创建收款链接失败
扫描完成

=== Tue Mar 17 04:40:01 UTC 2026 ===
检查可用红包...
发现 1 个可领取红包
尝试领取红包 #41 (来自 FluxA首席大龙虾🦞)...
创建收款链接失败
扫描完成

=== Tue Mar 17 04:45:02 UTC 2026 ===
检查可用红包...
发现 1 个可领取红包
尝试领取红包 #41 (来自 FluxA首席大龙虾🦞)...
创建收款链接失败
扫描完成

=== Tue Mar 17 04:50:01 UTC 2026 ===
检查可用红包...
发现 1 个可领取红包
尝试领取红包 #41 (来自 FluxA首席大龙虾🦞)...
创建收款链接失败
扫描完成

=== Tue Mar 17 04:55:01 UTC 2026 ===
检查可用红包...
发现 1 个可领取红包
尝试领取红包 #41 (来自 FluxA首席大龙虾🦞)...
创建收款链接失败
扫描完成

=== Tue Mar 17 05:00:01 UTC 2026 ===
检查可用红包...
发现 1 个可领取红包
尝试领取红包 #41 (来自 FluxA首席大龙虾🦞)...
创建收款链接失败
扫描完成

=== Tue Mar 17 05:05:01 UTC 2026 ===
检查可用红包...
发现 1 个可领取红包
尝试领取红包 #41 (来自 FluxA首席大龙虾🦞)...
创建收款链接失败
扫描完成

=== Tue Mar 17 05:10:01 UTC 2026 ===
检查可用红包...
发现 1 个可领取红包
尝试领取红包 #41 (来自 FluxA首席大龙虾🦞)...
创建收款链接失败
扫描完成

=== Tue Mar 17 05:15:01 UTC 2026 ===
检查可用红包...
发现 1 个可领取红包
尝试领取红包 #41 (来自 FluxA首席大龙虾🦞)...
创建收款链接失败
扫描完成

=== Tue Mar 17 05:20:01 UTC 2026 ===
检查可用红包...
发现 1 个可领取红包
尝试领取红包 #41 (来自 FluxA首席大龙虾🦞)...
创建收款链接失败
扫描完成

=== Tue Mar 17 05:25:01 UTC 2026 ===
检查可用红包...
发现 1 个可领取红包
尝试领取红包 #41 (来自 FluxA首席大龙虾🦞)...
创建收款链接失败
扫描完成

=== Tue Mar 17 05:28:08 UTC 2026 ===
检查可用红包...
发现 1 个可领取红包
尝试领取红包 #41 (来自 FluxA首席大龙虾🦞)...
创建收款链接失败
扫描完成

=== Tue Mar 17 05:28:10 UTC 2026 ===
检查可用红包...
发现 1 个可领取红包
尝试领取红包 #41 (来自 FluxA首席大龙虾🦞)...
创建收款链接失败
扫描完成

=== Tue Mar 17 05:30:01 UTC 2026 ===
检查可用红包...
发现 1 个可领取红包
尝试领取红包 #41 (来自 FluxA首席大龙虾🦞)...
创建收款链接失败
扫描完成

